<?xml version="1.0" encoding="UTF-8"?>
<testsuite name="com.bridgelab.moodanalysertest.MoodAnalyserTest" tests="1" skipped="0" failures="0" errors="0" timestamp="2021-07-14T21:34:14" hostname="NARUTO" time="0.023">
  <properties/>
  <testcase name="givenUserMessage_whenSad_shouldReturnSad()" classname="com.bridgelab.moodanalysertest.MoodAnalyserTest" time="0.023"/>
  <system-out><![CDATA[]]></system-out>
  <system-err><![CDATA[]]></system-err>
</testsuite>
