<?xml version="1.0" encoding="UTF-8"?>
<testsuite name="com.bridgelab.moodanalysertest.MoodAnalyserTest" tests="1" skipped="0" failures="0" errors="0" timestamp="2021-07-15T12:00:10" hostname="NARUTO" time="0.021">
  <properties/>
  <testcase name="givenMessageInConstructor_whenNull_shouldReturnHappy()" classname="com.bridgelab.moodanalysertest.MoodAnalyserTest" time="0.021"/>
  <system-out><![CDATA[]]></system-out>
  <system-err><![CDATA[]]></system-err>
</testsuite>
