<?xml version="1.0" encoding="UTF-8"?>
<testsuite name="com.bridgelab.moodanalysertest.MoodAnalyserTest" tests="1" skipped="0" failures="0" errors="0" timestamp="2021-07-14T22:30:02" hostname="NARUTO" time="0.021">
  <properties/>
  <testcase name="givenUserMessageInConstructor_whenIAmInHappyMood_shouldReturnHappy()" classname="com.bridgelab.moodanalysertest.MoodAnalyserTest" time="0.021"/>
  <system-out><![CDATA[]]></system-out>
  <system-err><![CDATA[]]></system-err>
</testsuite>
